================================================================================
DEM & RSP EMBEDDING
================================================================================

[1/5] Loading DEM data...
DEM loaded successfully
Shape: (12720, 8013)
CRS: PROJCS["Transverse Mercator",GEOGCS["GRS80 ELLIPSOID",DATUM["GRS80 ELLIPSOID",SPHEROID["GRS 1980",6378137,298.257222101004],TOWGS84[0,0,0,0,0,0,0]],PRIMEM["Greenwich",0],UNIT["degree",0.0174532925199433,AUTHORITY["EPSG","9122"]]],PROJECTION["Transverse_Mercator"],PARAMETER["latitude_of_origin",38.0000000000001],PARAMETER["central_meridian",127],PARAMETER["scale_factor",1],PARAMETER["false_easting",200000],PARAMETER["false_northing",600000],UNIT["metre",1,AUTHORITY["EPSG","9001"]],AXIS["Easting",EAST],AXIS["Northing",NORTH]]
Bounds: BoundingBox(left=-64424.0, bottom=36953.0, right=656746.0, top=1181753.0)
Elevation range: [-9999.00, 2650.68] m

[2/5] Normalizing DEM...
DEM normalized to range: [0.0000, 1.0000]
Valid pixels: 98,741,898 / 101,925,360

[3/5] Loading RSP data...
Found RSP file: Relative Slope Position_gw.tif
RSP loaded successfully
Shape: (5852, 6699)
RSP range: [-99999.0000, 1.8486]

[4/5] Aligning to 400m grid (EPSG:5179)...
DEM CRS (PROJCS["Transverse Mercator",GEOGCS["GRS80 ELLIPSOID",DATUM["GRS80 ELLIPSOID",SPHEROID["GRS 1980",6378137,298.257222101004],TOWGS84[0,0,0,0,0,0,0]],PRIMEM["Greenwich",0],UNIT["degree",0.0174532925199433,AUTHORITY["EPSG","9122"]]],PROJECTION["Transverse_Mercator"],PARAMETER["latitude_of_origin",38.0000000000001],PARAMETER["central_meridian",127],PARAMETER["scale_factor",1],PARAMETER["false_easting",200000],PARAMETER["false_northing",600000],UNIT["metre",1,AUTHORITY["EPSG","9001"]],AXIS["Easting",EAST],AXIS["Northing",NORTH]]) differs from target CRS (EPSG:5179)
Calculating transformed bounds...
Transformed bounds (EPSG:5179): W=688889.78, S=1435122.63, E=1415864.21, N=2583222.69
Target grid:
  Origin: (688800.00, 1434800.00)
  Dimensions: 1818 x 2872
  Resolution: 400m
DEM reprojected: (2872, 1818), range [0.0000, 0.9507]
RSP reprojected: (2872, 1818), range [-99999.0000, 0.9931]

[5/5] Saving embedded data...
Saved embedded data to: ../embedded_data/dem_rsp_embedded.tif
File size: 7.82 MB
Saved normalization stats to: ../embedded_data/dem_rsp_norm_stats.json

================================================================================
DEM & RSP EMBEDDING COMPLETE
================================================================================
✓ Grid: 1818 x 2872 @ 400m resolution
✓ CRS: EPSG:5179
✓ Ready for next stage
