================================================================================
DEM & RSP EMBEDDING
================================================================================

[1/5] Loading DEM data...
DEM loaded successfully
Shape: (12720, 8013)
CRS: PROJCS["Transverse Mercator",GEOGCS["GRS80 ELLIPSOID",DATUM["GRS80 ELLIPSOID",SPHEROID["GRS 1980",6378137,298.257222101004],TOWGS84[0,0,0,0,0,0,0]],PRIMEM["Greenwich",0],UNIT["degree",0.0174532925199433,AUTHORITY["EPSG","9122"]]],PROJECTION["Transverse_Mercator"],PARAMETER["latitude_of_origin",38.0000000000001],PARAMETER["central_meridian",127],PARAMETER["scale_factor",1],PARAMETER["false_easting",200000],PARAMETER["false_northing",600000],UNIT["metre",1,AUTHORITY["EPSG","9001"]],AXIS["Easting",EAST],AXIS["Northing",NORTH]]
Bounds: BoundingBox(left=-64424.0, bottom=36953.0, right=656746.0, top=1181753.0)
Elevation range: [-9999.00, 2650.68] m

[2/5] Normalizing DEM...
DEM normalized to range: [0.0000, 1.0000]
Valid pixels: 98,741,898 / 101,925,360

[3/5] Loading RSP data...
Found RSP file: Relative Slope Position_gw.tif
RSP loaded successfully
Shape: (5852, 6699)
RSP range: [-99999.0000, 1.8486]

[4/5] Aligning to 400m grid (EPSG:5179)...
Target grid:
  Origin: (-64800.00, 36800.00)
  Dimensions: 1804 x 2863
  Resolution: 400m
DEM reprojected: (2863, 1804), range [0.0000, 0.0000]
RSP reprojected: (2863, 1804), range [0.0000, 0.0000]

[5/5] Saving embedded data...
Saved embedded data to: ../embedded_data/dem_rsp_embedded.tif
File size: 0.12 MB
Saved normalization stats to: ../embedded_data/dem_rsp_norm_stats.json

================================================================================
DEM & RSP EMBEDDING COMPLETE
================================================================================
✓ Grid: 1804 x 2863 @ 400m resolution
✓ CRS: EPSG:5179
✓ Ready for next stage
